{"C:\\Users\\Angel\\OneDrive\\Escritorio\\jest-testing\\Testing-To-Do-list-Part-1\\src\\modules\\_mocks_\\mocks.js": {"path":"C:\\Users\\Angel\\OneDrive\\Escritorio\\jest-testing\\Testing-To-Do-list-Part-1\\src\\modules\\_mocks_\\mocks.js","statementMap":{"0":{"start":{"line":1,"column":19},"end":{"line":1,"column":36}},"1":{"start":{"line":6,"column":0},"end":{"line":10,"column":9}},"2":{"start":{"line":15,"column":20},"end":{"line":30,"column":1}},"3":{"start":{"line":16,"column":19},"end":{"line":16,"column":20}},"4":{"start":{"line":17,"column":19},"end":{"line":17,"column":68}},"5":{"start":{"line":19,"column":22},"end":{"line":25,"column":3}},"6":{"start":{"line":26,"column":17},"end":{"line":26,"column":43}},"7":{"start":{"line":27,"column":2},"end":{"line":27,"column":56}},"8":{"start":{"line":28,"column":2},"end":{"line":28,"column":27}},"9":{"start":{"line":29,"column":2},"end":{"line":29,"column":16}},"10":{"start":{"line":32,"column":15},"end":{"line":38,"column":1}},"11":{"start":{"line":33,"column":24},"end":{"line":33,"column":73}},"12":{"start":{"line":34,"column":21},"end":{"line":36,"column":3}},"13":{"start":{"line":35,"column":15},"end":{"line":35,"column":53}},"14":{"start":{"line":37,"column":2},"end":{"line":37,"column":20}},"15":{"start":{"line":40,"column":0},"end":{"line":43,"column":2}}},"fnMap":{"0":{"name":"(anonymous_0)","decl":{"start":{"line":15,"column":20},"end":{"line":15,"column":21}},"loc":{"start":{"line":15,"column":27},"end":{"line":30,"column":1}},"line":15},"1":{"name":"(anonymous_1)","decl":{"start":{"line":32,"column":15},"end":{"line":32,"column":16}},"loc":{"start":{"line":32,"column":32},"end":{"line":38,"column":1}},"line":32},"2":{"name":"(anonymous_2)","decl":{"start":{"line":35,"column":4},"end":{"line":35,"column":5}},"loc":{"start":{"line":35,"column":15},"end":{"line":35,"column":53}},"line":35}},"branchMap":{"0":{"loc":{"start":{"line":17,"column":30},"end":{"line":17,"column":67}},"type":"binary-expr","locations":[{"start":{"line":17,"column":30},"end":{"line":17,"column":59}},{"start":{"line":17,"column":63},"end":{"line":17,"column":67}}],"line":17},"1":{"loc":{"start":{"line":22,"column":8},"end":{"line":24,"column":27}},"type":"cond-expr","locations":[{"start":{"line":23,"column":8},"end":{"line":23,"column":44}},{"start":{"line":24,"column":8},"end":{"line":24,"column":27}}],"line":22},"2":{"loc":{"start":{"line":33,"column":35},"end":{"line":33,"column":72}},"type":"binary-expr","locations":[{"start":{"line":33,"column":35},"end":{"line":33,"column":64}},{"start":{"line":33,"column":68},"end":{"line":33,"column":72}}],"line":33}},"s":{"0":1,"1":1,"2":1,"3":5,"4":5,"5":5,"6":5,"7":5,"8":5,"9":5,"10":1,"11":1,"12":1,"13":5,"14":1,"15":1},"f":{"0":5,"1":1,"2":5},"b":{"0":[5,1],"1":[4,1],"2":[1,0]},"_coverageSchema":"1a1c01bbd47fc00a2c39e90264f33305004495a9","hash":"b52c6eeaa7de4dd227bd133cab795ce7430035d2"}
}
