{"D:\\microverse\\Module-2\\Week-3\\Testing-To-Do-List-Part-2\\Testing-To-Do-List-Part-1\\src\\modules\\_mocks_\\mocks.js": {"path":"D:\\microverse\\Module-2\\Week-3\\Testing-To-Do-List-Part-2\\Testing-To-Do-List-Part-1\\src\\modules\\_mocks_\\mocks.js","statementMap":{"0":{"start":{"line":1,"column":19},"end":{"line":1,"column":36}},"1":{"start":{"line":6,"column":0},"end":{"line":10,"column":9}},"2":{"start":{"line":16,"column":20},"end":{"line":31,"column":1}},"3":{"start":{"line":17,"column":19},"end":{"line":17,"column":20}},"4":{"start":{"line":18,"column":19},"end":{"line":18,"column":68}},"5":{"start":{"line":20,"column":22},"end":{"line":26,"column":3}},"6":{"start":{"line":27,"column":17},"end":{"line":27,"column":43}},"7":{"start":{"line":28,"column":2},"end":{"line":28,"column":56}},"8":{"start":{"line":29,"column":2},"end":{"line":29,"column":27}},"9":{"start":{"line":30,"column":2},"end":{"line":30,"column":16}},"10":{"start":{"line":34,"column":15},"end":{"line":40,"column":1}},"11":{"start":{"line":35,"column":24},"end":{"line":35,"column":73}},"12":{"start":{"line":36,"column":21},"end":{"line":38,"column":3}},"13":{"start":{"line":37,"column":15},"end":{"line":37,"column":53}},"14":{"start":{"line":39,"column":2},"end":{"line":39,"column":20}},"15":{"start":{"line":43,"column":13},"end":{"line":55,"column":1}},"16":{"start":{"line":44,"column":24},"end":{"line":44,"column":73}},"17":{"start":{"line":45,"column":21},"end":{"line":53,"column":4}},"18":{"start":{"line":46,"column":4},"end":{"line":51,"column":5}},"19":{"start":{"line":47,"column":6},"end":{"line":50,"column":8}},"20":{"start":{"line":52,"column":4},"end":{"line":52,"column":17}},"21":{"start":{"line":54,"column":2},"end":{"line":54,"column":20}},"22":{"start":{"line":58,"column":22},"end":{"line":68,"column":1}},"23":{"start":{"line":59,"column":24},"end":{"line":59,"column":73}},"24":{"start":{"line":60,"column":25},"end":{"line":65,"column":4}},"25":{"start":{"line":61,"column":4},"end":{"line":63,"column":5}},"26":{"start":{"line":62,"column":6},"end":{"line":62,"column":63}},"27":{"start":{"line":64,"column":4},"end":{"line":64,"column":17}},"28":{"start":{"line":66,"column":2},"end":{"line":66,"column":64}},"29":{"start":{"line":67,"column":2},"end":{"line":67,"column":24}},"30":{"start":{"line":71,"column":17},"end":{"line":77,"column":1}},"31":{"start":{"line":72,"column":24},"end":{"line":72,"column":73}},"32":{"start":{"line":73,"column":21},"end":{"line":75,"column":3}},"33":{"start":{"line":74,"column":15},"end":{"line":74,"column":43}},"34":{"start":{"line":76,"column":2},"end":{"line":76,"column":20}},"35":{"start":{"line":80,"column":0},"end":{"line":86,"column":2}}},"fnMap":{"0":{"name":"(anonymous_0)","decl":{"start":{"line":16,"column":20},"end":{"line":16,"column":21}},"loc":{"start":{"line":16,"column":27},"end":{"line":31,"column":1}},"line":16},"1":{"name":"(anonymous_1)","decl":{"start":{"line":34,"column":15},"end":{"line":34,"column":16}},"loc":{"start":{"line":34,"column":32},"end":{"line":40,"column":1}},"line":34},"2":{"name":"(anonymous_2)","decl":{"start":{"line":37,"column":4},"end":{"line":37,"column":5}},"loc":{"start":{"line":37,"column":15},"end":{"line":37,"column":53}},"line":37},"3":{"name":"(anonymous_3)","decl":{"start":{"line":43,"column":13},"end":{"line":43,"column":14}},"loc":{"start":{"line":43,"column":46},"end":{"line":55,"column":1}},"line":43},"4":{"name":"(anonymous_4)","decl":{"start":{"line":45,"column":39},"end":{"line":45,"column":40}},"loc":{"start":{"line":45,"column":50},"end":{"line":53,"column":3}},"line":45},"5":{"name":"(anonymous_5)","decl":{"start":{"line":58,"column":22},"end":{"line":58,"column":23}},"loc":{"start":{"line":58,"column":30},"end":{"line":68,"column":1}},"line":58},"6":{"name":"(anonymous_6)","decl":{"start":{"line":60,"column":43},"end":{"line":60,"column":44}},"loc":{"start":{"line":60,"column":54},"end":{"line":65,"column":3}},"line":60},"7":{"name":"(anonymous_7)","decl":{"start":{"line":71,"column":17},"end":{"line":71,"column":18}},"loc":{"start":{"line":71,"column":23},"end":{"line":77,"column":1}},"line":71},"8":{"name":"(anonymous_8)","decl":{"start":{"line":74,"column":4},"end":{"line":74,"column":5}},"loc":{"start":{"line":74,"column":15},"end":{"line":74,"column":43}},"line":74}},"branchMap":{"0":{"loc":{"start":{"line":18,"column":30},"end":{"line":18,"column":67}},"type":"binary-expr","locations":[{"start":{"line":18,"column":30},"end":{"line":18,"column":59}},{"start":{"line":18,"column":63},"end":{"line":18,"column":67}}],"line":18},"1":{"loc":{"start":{"line":23,"column":8},"end":{"line":25,"column":27}},"type":"cond-expr","locations":[{"start":{"line":24,"column":8},"end":{"line":24,"column":44}},{"start":{"line":25,"column":8},"end":{"line":25,"column":27}}],"line":23},"2":{"loc":{"start":{"line":35,"column":35},"end":{"line":35,"column":72}},"type":"binary-expr","locations":[{"start":{"line":35,"column":35},"end":{"line":35,"column":64}},{"start":{"line":35,"column":68},"end":{"line":35,"column":72}}],"line":35},"3":{"loc":{"start":{"line":44,"column":35},"end":{"line":44,"column":72}},"type":"binary-expr","locations":[{"start":{"line":44,"column":35},"end":{"line":44,"column":64}},{"start":{"line":44,"column":68},"end":{"line":44,"column":72}}],"line":44},"4":{"loc":{"start":{"line":46,"column":4},"end":{"line":51,"column":5}},"type":"if","locations":[{"start":{"line":46,"column":4},"end":{"line":51,"column":5}},{"start":{},"end":{}}],"line":46},"5":{"loc":{"start":{"line":59,"column":35},"end":{"line":59,"column":72}},"type":"binary-expr","locations":[{"start":{"line":59,"column":35},"end":{"line":59,"column":64}},{"start":{"line":59,"column":68},"end":{"line":59,"column":72}}],"line":59},"6":{"loc":{"start":{"line":61,"column":4},"end":{"line":63,"column":5}},"type":"if","locations":[{"start":{"line":61,"column":4},"end":{"line":63,"column":5}},{"start":{},"end":{}}],"line":61},"7":{"loc":{"start":{"line":72,"column":35},"end":{"line":72,"column":72}},"type":"binary-expr","locations":[{"start":{"line":72,"column":35},"end":{"line":72,"column":64}},{"start":{"line":72,"column":68},"end":{"line":72,"column":72}}],"line":72}},"s":{"0":1,"1":1,"2":1,"3":5,"4":5,"5":5,"6":5,"7":5,"8":5,"9":5,"10":1,"11":1,"12":1,"13":5,"14":1,"15":1,"16":1,"17":1,"18":5,"19":1,"20":4,"21":1,"22":1,"23":1,"24":1,"25":5,"26":1,"27":4,"28":1,"29":1,"30":1,"31":1,"32":1,"33":5,"34":1,"35":1},"f":{"0":5,"1":1,"2":5,"3":1,"4":5,"5":1,"6":5,"7":1,"8":5},"b":{"0":[5,1],"1":[4,1],"2":[1,0],"3":[1,0],"4":[1,4],"5":[1,0],"6":[1,4],"7":[1,0]},"_coverageSchema":"1a1c01bbd47fc00a2c39e90264f33305004495a9","hash":"d2f32d80a0d947423f51b9d722230420027340d1"}
}
