TN:
SF:src\modules\_mocks_\mocks.js
FN:15,(anonymous_0)
FN:33,(anonymous_1)
FN:36,(anonymous_2)
FN:42,(anonymous_3)
FN:44,(anonymous_4)
FN:57,(anonymous_5)
FN:59,(anonymous_6)
FN:70,(anonymous_7)
FN:73,(anonymous_8)
FNF:9
FNH:9
FNDA:5,(anonymous_0)
FNDA:1,(anonymous_1)
FNDA:5,(anonymous_2)
FNDA:1,(anonymous_3)
FNDA:5,(anonymous_4)
FNDA:1,(anonymous_5)
FNDA:5,(anonymous_6)
FNDA:1,(anonymous_7)
FNDA:5,(anonymous_8)
DA:1,1
DA:15,1
DA:16,5
DA:17,5
DA:19,5
DA:26,5
DA:27,5
DA:28,5
DA:29,5
DA:33,1
DA:34,1
DA:35,1
DA:36,5
DA:38,1
DA:42,1
DA:43,1
DA:44,1
DA:45,5
DA:46,1
DA:51,4
DA:53,1
DA:57,1
DA:58,1
DA:59,1
DA:60,5
DA:61,1
DA:63,4
DA:65,1
DA:66,1
DA:70,1
DA:71,1
DA:72,1
DA:73,5
DA:75,1
DA:79,1
LF:35
LH:35
BRDA:17,0,0,5
BRDA:17,0,1,1
BRDA:22,1,0,4
BRDA:22,1,1,1
BRDA:34,2,0,1
BRDA:34,2,1,0
BRDA:43,3,0,1
BRDA:43,3,1,0
BRDA:45,4,0,1
BRDA:45,4,1,4
BRDA:58,5,0,1
BRDA:58,5,1,0
BRDA:60,6,0,1
BRDA:60,6,1,4
BRDA:71,7,0,1
BRDA:71,7,1,0
BRF:16
BRH:12
end_of_record
