TN:
SF:src\modules\_mocks_\mocks.js
FN:14,(anonymous_0)
FN:31,(anonymous_1)
FN:34,(anonymous_2)
FN:39,(anonymous_3)
FN:41,(anonymous_4)
FN:53,(anonymous_5)
FN:55,(anonymous_6)
FN:65,(anonymous_7)
FN:68,(anonymous_8)
FNF:9
FNH:9
FNDA:5,(anonymous_0)
FNDA:1,(anonymous_1)
FNDA:5,(anonymous_2)
FNDA:1,(anonymous_3)
FNDA:5,(anonymous_4)
FNDA:1,(anonymous_5)
FNDA:5,(anonymous_6)
FNDA:1,(anonymous_7)
FNDA:5,(anonymous_8)
DA:1,1
DA:6,1
DA:14,1
DA:15,5
DA:16,5
DA:18,5
DA:25,5
DA:26,5
DA:27,5
DA:28,5
DA:31,1
DA:32,1
DA:33,1
DA:34,5
DA:36,1
DA:39,1
DA:40,1
DA:41,1
DA:42,5
DA:43,1
DA:48,4
DA:50,1
DA:53,1
DA:54,1
DA:55,1
DA:56,5
DA:57,1
DA:59,4
DA:61,1
DA:62,1
DA:65,1
DA:66,1
DA:67,1
DA:68,5
DA:70,1
DA:74,1
LF:36
LH:36
BRDA:16,0,0,5
BRDA:16,0,1,1
BRDA:21,1,0,4
BRDA:21,1,1,1
BRDA:32,2,0,1
BRDA:32,2,1,0
BRDA:40,3,0,1
BRDA:40,3,1,0
BRDA:42,4,0,1
BRDA:42,4,1,4
BRDA:54,5,0,1
BRDA:54,5,1,0
BRDA:56,6,0,1
BRDA:56,6,1,4
BRDA:66,7,0,1
BRDA:66,7,1,0
BRF:16
BRH:12
end_of_record
